# JRE version: Java(TM) SE Runtime Environment (7.0_55-b13) (build 1.7.0_55-b13)
# Java VM: Java HotSpot(TM) 64-Bit Server VM (24.55-b03 mixed mode linux-amd64 compressed oops)
Heap
 PSYoungGen      total 164864K, used 16372K [0x00000000eaa80000, 0x00000000f5c80000, 0x0000000100000000)
  eden space 148480K, 0% used [0x00000000eaa80000,0x00000000eaa80000,0x00000000f3b80000)
  from space 16384K, 99% used [0x00000000f3b80000,0x00000000f4b7d2e8,0x00000000f4b80000)
  to   space 15360K, 0% used [0x00000000f4b80000,0x00000000f4b80000,0x00000000f5a80000)
 ParOldGen       total 61952K, used 59167K [0x00000000c0000000, 0x00000000c3c80000, 0x00000000eaa80000)
  object space 61952K, 95% used [0x00000000c0000000,0x00000000c39c7e30,0x00000000c3c80000)
 PSPermGen       total 21504K, used 7202K [0x00000000bae00000, 0x00000000bc300000, 0x00000000c0000000)
  object space 21504K, 33% used [0x00000000bae00000,0x00000000bb508ad8,0x00000000bc300000)
GC Heap History (10 events):
Event: 2.767 GC heap after
Heap after GC invocations=6 (full 0):
 PSYoungGen      total 59904K, used 12837K [0x00000000eaa80000, 0x00000000ef680000, 0x0000000100000000)
  eden space 46592K, 0% used [0x00000000eaa80000,0x00000000eaa80000,0x00000000ed800000)
  from space 13312K, 96% used [0x00000000ee680000,0x00000000ef309448,0x00000000ef380000)
  to   space 14848K, 0% used [0x00000000ed800000,0x00000000ed800000,0x00000000ee680000)
 ParOldGen       total 61952K, used 29191K [0x00000000c0000000, 0x00000000c3c80000, 0x00000000eaa80000)
  object space 61952K, 47% used [0x00000000c0000000,0x00000000c1c81c40,0x00000000c3c80000)
 PSPermGen       total 21504K, used 7087K [0x00000000bae00000, 0x00000000bc300000, 0x00000000c0000000)
  object space 21504K, 32% used [0x00000000bae00000,0x00000000bb4ebf50,0x00000000bc300000)
}
Event: 2.937 GC heap before
{Heap before GC invocations=7 (full 0):
 PSYoungGen      total 59904K, used 58124K [0x00000000eaa80000, 0x00000000ef680000, 0x0000000100000000)
  eden space 46592K, 97% used [0x00000000eaa80000,0x00000000ed6b9cb8,0x00000000ed800000)
  from space 13312K, 96% used [0x00000000ee680000,0x00000000ef309448,0x00000000ef380000)
  to   space 14848K, 0% used [0x00000000ed800000,0x00000000ed800000,0x00000000ee680000)
 ParOldGen       total 61952K, used 29191K [0x00000000c0000000, 0x00000000c3c80000, 0x00000000eaa80000)
  object space 61952K, 47% used [0x00000000c0000000,0x00000000c1c81c40,0x00000000c3c80000)
 PSPermGen       total 21504K, used 7177K [0x00000000bae00000, 0x00000000bc300000, 0x00000000c0000000)
  object space 21504K, 33% used [0x00000000bae00000,0x00000000bb502558,0x00000000bc300000)
Event: 2.943 GC heap after
Heap after GC invocations=7 (full 0):
 PSYoungGen      total 61440K, used 2819K [0x00000000eaa80000, 0x00000000f2480000, 0x0000000100000000)
  eden space 46592K, 0% used [0x00000000eaa80000,0x00000000eaa80000,0x00000000ed800000)
  from space 14848K, 18% used [0x00000000ed800000,0x00000000edac0ce8,0x00000000ee680000)
  to   space 15872K, 0% used [0x00000000f1500000,0x00000000f1500000,0x00000000f2480000)
 ParOldGen       total 61952K, used 32353K [0x00000000c0000000, 0x00000000c3c80000, 0x00000000eaa80000)
  object space 61952K, 52% used [0x00000000c0000000,0x00000000c1f98558,0x00000000c3c80000)
 PSPermGen       total 21504K, used 7177K [0x00000000bae00000, 0x00000000bc300000, 0x00000000c0000000)
  object space 21504K, 33% used [0x00000000bae00000,0x00000000bb502558,0x00000000bc300000)
}
Event: 3.053 GC heap before
{Heap before GC invocations=8 (full 0):
 PSYoungGen      total 61440K, used 47131K [0x00000000eaa80000, 0x00000000f2480000, 0x0000000100000000)
  eden space 46592K, 95% used [0x00000000eaa80000,0x00000000ed5c5f38,0x00000000ed800000)
  from space 14848K, 18% used [0x00000000ed800000,0x00000000edac0ce8,0x00000000ee680000)
  to   space 15872K, 0% used [0x00000000f1500000,0x00000000f1500000,0x00000000f2480000)
 ParOldGen       total 61952K, used 32353K [0x00000000c0000000, 0x00000000c3c80000, 0x00000000eaa80000)
  object space 61952K, 52% used [0x00000000c0000000,0x00000000c1f98558,0x00000000c3c80000)
 PSPermGen       total 21504K, used 7180K [0x00000000bae00000, 0x00000000bc300000, 0x00000000c0000000)
  object space 21504K, 33% used [0x00000000bae00000,0x00000000bb503050,0x00000000bc300000)
Event: 3.056 GC heap after
Heap after GC invocations=8 (full 0):
 PSYoungGen      total 108032K, used 6620K [0x00000000eaa80000, 0x00000000f2380000, 0x0000000100000000)
  eden space 93184K, 0% used [0x00000000eaa80000,0x00000000eaa80000,0x00000000f0580000)
  from space 14848K, 44% used [0x00000000f1500000,0x00000000f1b77070,0x00000000f2380000)
  to   space 15360K, 0% used [0x00000000f0580000,0x00000000f0580000,0x00000000f1480000)
 ParOldGen       total 61952K, used 32961K [0x00000000c0000000, 0x00000000c3c80000, 0x00000000eaa80000)
  object space 61952K, 53% used [0x00000000c0000000,0x00000000c2030588,0x00000000c3c80000)
 PSPermGen       total 21504K, used 7180K [0x00000000bae00000, 0x00000000bc300000, 0x00000000c0000000)
  object space 21504K, 33% used [0x00000000bae00000,0x00000000bb503050,0x00000000bc300000)
}
Event: 3.247 GC heap before
{Heap before GC invocations=9 (full 0):
 PSYoungGen      total 108032K, used 97424K [0x00000000eaa80000, 0x00000000f2380000, 0x0000000100000000)
  eden space 93184K, 97% used [0x00000000eaa80000,0x00000000f032d008,0x00000000f0580000)
  from space 14848K, 44% used [0x00000000f1500000,0x00000000f1b77070,0x00000000f2380000)
  to   space 15360K, 0% used [0x00000000f0580000,0x00000000f0580000,0x00000000f1480000)
 ParOldGen       total 61952K, used 32961K [0x00000000c0000000, 0x00000000c3c80000, 0x00000000eaa80000)
  object space 61952K, 53% used [0x00000000c0000000,0x00000000c2030588,0x00000000c3c80000)
 PSPermGen       total 21504K, used 7192K [0x00000000bae00000, 0x00000000bc300000, 0x00000000c0000000)
  object space 21504K, 33% used [0x00000000bae00000,0x00000000bb5061a8,0x00000000bc300000)
Event: 3.250 GC heap after
Heap after GC invocations=9 (full 0):
 PSYoungGen      total 108544K, used 5759K [0x00000000eaa80000, 0x00000000f5a80000, 0x0000000100000000)
  eden space 93184K, 0% used [0x00000000eaa80000,0x00000000eaa80000,0x00000000f0580000)
  from space 15360K, 37% used [0x00000000f0580000,0x00000000f0b1fd90,0x00000000f1480000)
  to   space 15360K, 0% used [0x00000000f4b80000,0x00000000f4b80000,0x00000000f5a80000)
 ParOldGen       total 61952K, used 32993K [0x00000000c0000000, 0x00000000c3c80000, 0x00000000eaa80000)
  object space 61952K, 53% used [0x00000000c0000000,0x00000000c2038588,0x00000000c3c80000)
 PSPermGen       total 21504K, used 7192K [0x00000000bae00000, 0x00000000bc300000, 0x00000000c0000000)
  object space 21504K, 33% used [0x00000000bae00000,0x00000000bb5061a8,0x00000000bc300000)
}
Event: 3.417 GC heap before
{Heap before GC invocations=10 (full 0):
 PSYoungGen      total 108544K, used 98943K [0x00000000eaa80000, 0x00000000f5a80000, 0x0000000100000000)
  eden space 93184K, 100% used [0x00000000eaa80000,0x00000000f0580000,0x00000000f0580000)
  from space 15360K, 37% used [0x00000000f0580000,0x00000000f0b1fd90,0x00000000f1480000)
  to   space 15360K, 0% used [0x00000000f4b80000,0x00000000f4b80000,0x00000000f5a80000)
 ParOldGen       total 61952K, used 32993K [0x00000000c0000000, 0x00000000c3c80000, 0x00000000eaa80000)
  object space 61952K, 53% used [0x00000000c0000000,0x00000000c2038588,0x00000000c3c80000)
 PSPermGen       total 21504K, used 7198K [0x00000000bae00000, 0x00000000bc300000, 0x00000000c0000000)
  object space 21504K, 33% used [0x00000000bae00000,0x00000000bb507b10,0x00000000bc300000)
Event: 3.626 GC heap after
Heap after GC invocations=10 (full 0):
 PSYoungGen      total 163840K, used 12922K [0x00000000eaa80000, 0x00000000f5c80000, 0x0000000100000000)
  eden space 148480K, 0% used [0x00000000eaa80000,0x00000000eaa80000,0x00000000f3b80000)
  from space 15360K, 84% used [0x00000000f4b80000,0x00000000f581ea38,0x00000000f5a80000)
  to   space 16384K, 0% used [0x00000000f3b80000,0x00000000f3b80000,0x00000000f4b80000)
 ParOldGen       total 61952K, used 41525K [0x00000000c0000000, 0x00000000c3c80000, 0x00000000eaa80000)
  object space 61952K, 67% used [0x00000000c0000000,0x00000000c288d5c8,0x00000000c3c80000)
 PSPermGen       total 21504K, used 7198K [0x00000000bae00000, 0x00000000bc300000, 0x00000000c0000000)
  object space 21504K, 33% used [0x00000000bae00000,0x00000000bb507b10,0x00000000bc300000)
}
Event: 3.906 GC heap before
{Heap before GC invocations=11 (full 0):
 PSYoungGen      total 163840K, used 161402K [0x00000000eaa80000, 0x00000000f5c80000, 0x0000000100000000)
  eden space 148480K, 100% used [0x00000000eaa80000,0x00000000f3b80000,0x00000000f3b80000)
  from space 15360K, 84% used [0x00000000f4b80000,0x00000000f581ea38,0x00000000f5a80000)
  to   space 16384K, 0% used [0x00000000f3b80000,0x00000000f3b80000,0x00000000f4b80000)
 ParOldGen       total 61952K, used 41525K [0x00000000c0000000, 0x00000000c3c80000, 0x00000000eaa80000)
  object space 61952K, 67% used [0x00000000c0000000,0x00000000c288d5c8,0x00000000c3c80000)
 PSPermGen       total 21504K, used 7202K [0x00000000bae00000, 0x00000000bc300000, 0x00000000c0000000)
  object space 21504K, 33% used [0x00000000bae00000,0x00000000bb508ad8,0x00000000bc300000)

