# JRE version: Java(TM) SE Runtime Environment (7.0_55-b13) (build 1.7.0_55-b13)
# Java VM: Java HotSpot(TM) 64-Bit Server VM (24.55-b03 mixed mode linux-amd64 compressed oops)
Heap
 PSYoungGen      total 164352K, used 12786K [0x00000000eaa80000, 0x00000000f5880000, 0x0000000100000000)
  eden space 151552K, 0% used [0x00000000eaa80000,0x00000000eaa80000,0x00000000f3e80000)
  from space 12800K, 99% used [0x00000000f3e80000,0x00000000f4afc978,0x00000000f4b00000)
  to   space 11776K, 0% used [0x00000000f4b00000,0x00000000f4b00000,0x00000000f5680000)
 ParOldGen       total 71168K, used 68103K [0x00000000c0000000, 0x00000000c4580000, 0x00000000eaa80000)
  object space 71168K, 95% used [0x00000000c0000000,0x00000000c4281f00,0x00000000c4580000)
 PSPermGen       total 21504K, used 7202K [0x00000000bae00000, 0x00000000bc300000, 0x00000000c0000000)
  object space 21504K, 33% used [0x00000000bae00000,0x00000000bb508bd8,0x00000000bc300000)
GC Heap History (10 events):
Event: 3.898 GC heap after
Heap after GC invocations=6 (full 0):
 PSYoungGen      total 58880K, used 9283K [0x00000000eaa80000, 0x00000000ef080000, 0x0000000100000000)
  eden space 47616K, 0% used [0x00000000eaa80000,0x00000000eaa80000,0x00000000ed900000)
  from space 11264K, 82% used [0x00000000ee480000,0x00000000eed90f80,0x00000000eef80000)
  to   space 11776K, 0% used [0x00000000ed900000,0x00000000ed900000,0x00000000ee480000)
 ParOldGen       total 61952K, used 26408K [0x00000000c0000000, 0x00000000c3c80000, 0x00000000eaa80000)
  object space 61952K, 42% used [0x00000000c0000000,0x00000000c19ca018,0x00000000c3c80000)
 PSPermGen       total 21504K, used 7088K [0x00000000bae00000, 0x00000000bc300000, 0x00000000c0000000)
  object space 21504K, 32% used [0x00000000bae00000,0x00000000bb4ec1c0,0x00000000bc300000)
}
Event: 4.052 GC heap before
{Heap before GC invocations=7 (full 0):
 PSYoungGen      total 58880K, used 56899K [0x00000000eaa80000, 0x00000000ef080000, 0x0000000100000000)
  eden space 47616K, 100% used [0x00000000eaa80000,0x00000000ed900000,0x00000000ed900000)
  from space 11264K, 82% used [0x00000000ee480000,0x00000000eed90f80,0x00000000eef80000)
  to   space 11776K, 0% used [0x00000000ed900000,0x00000000ed900000,0x00000000ee480000)
 ParOldGen       total 61952K, used 26408K [0x00000000c0000000, 0x00000000c3c80000, 0x00000000eaa80000)
  object space 61952K, 42% used [0x00000000c0000000,0x00000000c19ca018,0x00000000c3c80000)
 PSPermGen       total 21504K, used 7177K [0x00000000bae00000, 0x00000000bc300000, 0x00000000c0000000)
  object space 21504K, 33% used [0x00000000bae00000,0x00000000bb5027c8,0x00000000bc300000)
Event: 4.060 GC heap after
Heap after GC invocations=7 (full 0):
 PSYoungGen      total 59392K, used 6506K [0x00000000eaa80000, 0x00000000f1d80000, 0x0000000100000000)
  eden space 47616K, 0% used [0x00000000eaa80000,0x00000000eaa80000,0x00000000ed900000)
  from space 11776K, 55% used [0x00000000ed900000,0x00000000edf5a9a0,0x00000000ee480000)
  to   space 11264K, 0% used [0x00000000f1280000,0x00000000f1280000,0x00000000f1d80000)
 ParOldGen       total 61952K, used 29656K [0x00000000c0000000, 0x00000000c3c80000, 0x00000000eaa80000)
  object space 61952K, 47% used [0x00000000c0000000,0x00000000c1cf6178,0x00000000c3c80000)
 PSPermGen       total 21504K, used 7177K [0x00000000bae00000, 0x00000000bc300000, 0x00000000c0000000)
  object space 21504K, 33% used [0x00000000bae00000,0x00000000bb5027c8,0x00000000bc300000)
}
Event: 4.177 GC heap before
{Heap before GC invocations=8 (full 0):
 PSYoungGen      total 59392K, used 50603K [0x00000000eaa80000, 0x00000000f1d80000, 0x0000000100000000)
  eden space 47616K, 92% used [0x00000000eaa80000,0x00000000ed5902a8,0x00000000ed900000)
  from space 11776K, 55% used [0x00000000ed900000,0x00000000edf5a9a0,0x00000000ee480000)
  to   space 11264K, 0% used [0x00000000f1280000,0x00000000f1280000,0x00000000f1d80000)
 ParOldGen       total 61952K, used 29656K [0x00000000c0000000, 0x00000000c3c80000, 0x00000000eaa80000)
  object space 61952K, 47% used [0x00000000c0000000,0x00000000c1cf6178,0x00000000c3c80000)
 PSPermGen       total 21504K, used 7180K [0x00000000bae00000, 0x00000000bc300000, 0x00000000c0000000)
  object space 21504K, 33% used [0x00000000bae00000,0x00000000bb5032e8,0x00000000bc300000)
Event: 4.181 GC heap after
Heap after GC invocations=8 (full 0):
 PSYoungGen      total 106496K, used 4935K [0x00000000eaa80000, 0x00000000f1d80000, 0x0000000100000000)
  eden space 95232K, 0% used [0x00000000eaa80000,0x00000000eaa80000,0x00000000f0780000)
  from space 11264K, 43% used [0x00000000f1280000,0x00000000f1751ec0,0x00000000f1d80000)
  to   space 11264K, 0% used [0x00000000f0780000,0x00000000f0780000,0x00000000f1280000)
 ParOldGen       total 61952K, used 29736K [0x00000000c0000000, 0x00000000c3c80000, 0x00000000eaa80000)
  object space 61952K, 47% used [0x00000000c0000000,0x00000000c1d0a178,0x00000000c3c80000)
 PSPermGen       total 21504K, used 7180K [0x00000000bae00000, 0x00000000bc300000, 0x00000000c0000000)
  object space 21504K, 33% used [0x00000000bae00000,0x00000000bb5032e8,0x00000000bc300000)
}
Event: 4.377 GC heap before
{Heap before GC invocations=9 (full 0):
 PSYoungGen      total 106496K, used 100167K [0x00000000eaa80000, 0x00000000f1d80000, 0x0000000100000000)
  eden space 95232K, 100% used [0x00000000eaa80000,0x00000000f0780000,0x00000000f0780000)
  from space 11264K, 43% used [0x00000000f1280000,0x00000000f1751ec0,0x00000000f1d80000)
  to   space 11264K, 0% used [0x00000000f0780000,0x00000000f0780000,0x00000000f1280000)
 ParOldGen       total 61952K, used 29736K [0x00000000c0000000, 0x00000000c3c80000, 0x00000000eaa80000)
  object space 61952K, 47% used [0x00000000c0000000,0x00000000c1d0a178,0x00000000c3c80000)
 PSPermGen       total 21504K, used 7192K [0x00000000bae00000, 0x00000000bc300000, 0x00000000c0000000)
  object space 21504K, 33% used [0x00000000bae00000,0x00000000bb506360,0x00000000bc300000)
Event: 4.384 GC heap after
Heap after GC invocations=9 (full 0):
 PSYoungGen      total 106496K, used 8811K [0x00000000eaa80000, 0x00000000f5680000, 0x0000000100000000)
  eden space 95232K, 0% used [0x00000000eaa80000,0x00000000eaa80000,0x00000000f0780000)
  from space 11264K, 78% used [0x00000000f0780000,0x00000000f101afa0,0x00000000f1280000)
  to   space 11776K, 0% used [0x00000000f4b00000,0x00000000f4b00000,0x00000000f5680000)
 ParOldGen       total 61952K, used 38330K [0x00000000c0000000, 0x00000000c3c80000, 0x00000000eaa80000)
  object space 61952K, 61% used [0x00000000c0000000,0x00000000c256e998,0x00000000c3c80000)
 PSPermGen       total 21504K, used 7192K [0x00000000bae00000, 0x00000000bc300000, 0x00000000c0000000)
  object space 21504K, 33% used [0x00000000bae00000,0x00000000bb506360,0x00000000bc300000)
}
Event: 4.564 GC heap before
{Heap before GC invocations=10 (full 0):
 PSYoungGen      total 106496K, used 104043K [0x00000000eaa80000, 0x00000000f5680000, 0x0000000100000000)
  eden space 95232K, 100% used [0x00000000eaa80000,0x00000000f0780000,0x00000000f0780000)
  from space 11264K, 78% used [0x00000000f0780000,0x00000000f101afa0,0x00000000f1280000)
  to   space 11776K, 0% used [0x00000000f4b00000,0x00000000f4b00000,0x00000000f5680000)
 ParOldGen       total 61952K, used 38330K [0x00000000c0000000, 0x00000000c3c80000, 0x00000000eaa80000)
  object space 61952K, 61% used [0x00000000c0000000,0x00000000c256e998,0x00000000c3c80000)
 PSPermGen       total 21504K, used 7201K [0x00000000bae00000, 0x00000000bc300000, 0x00000000c0000000)
  object space 21504K, 33% used [0x00000000bae00000,0x00000000bb5084f8,0x00000000bc300000)
Event: 4.714 GC heap after
Heap after GC invocations=10 (full 0):
 PSYoungGen      total 163328K, used 11576K [0x00000000eaa80000, 0x00000000f5880000, 0x0000000100000000)
  eden space 151552K, 0% used [0x00000000eaa80000,0x00000000eaa80000,0x00000000f3e80000)
  from space 11776K, 98% used [0x00000000f4b00000,0x00000000f564e2d0,0x00000000f5680000)
  to   space 12800K, 0% used [0x00000000f3e80000,0x00000000f3e80000,0x00000000f4b00000)
 ParOldGen       total 61952K, used 46862K [0x00000000c0000000, 0x00000000c3c80000, 0x00000000eaa80000)
  object space 61952K, 75% used [0x00000000c0000000,0x00000000c2dc39d8,0x00000000c3c80000)
 PSPermGen       total 21504K, used 7201K [0x00000000bae00000, 0x00000000bc300000, 0x00000000c0000000)
  object space 21504K, 33% used [0x00000000bae00000,0x00000000bb5084f8,0x00000000bc300000)
}
Event: 4.999 GC heap before
{Heap before GC invocations=11 (full 0):
 PSYoungGen      total 163328K, used 163128K [0x00000000eaa80000, 0x00000000f5880000, 0x0000000100000000)
  eden space 151552K, 100% used [0x00000000eaa80000,0x00000000f3e80000,0x00000000f3e80000)
  from space 11776K, 98% used [0x00000000f4b00000,0x00000000f564e2d0,0x00000000f5680000)
  to   space 12800K, 0% used [0x00000000f3e80000,0x00000000f3e80000,0x00000000f4b00000)
 ParOldGen       total 61952K, used 46862K [0x00000000c0000000, 0x00000000c3c80000, 0x00000000eaa80000)
  object space 61952K, 75% used [0x00000000c0000000,0x00000000c2dc39d8,0x00000000c3c80000)
 PSPermGen       total 21504K, used 7202K [0x00000000bae00000, 0x00000000bc300000, 0x00000000c0000000)
  object space 21504K, 33% used [0x00000000bae00000,0x00000000bb508bd8,0x00000000bc300000)

